[debug] [2020-07-09T16:23:40.288Z] ----------------------------------------------------------------------
[debug] [2020-07-09T16:23:40.293Z] Command:       C:\Program Files\nodejs\node.exe C:\Users\sk\AppData\Roaming\npm\node_modules\firebase-tools\lib\bin\firebase.js deploy
[debug] [2020-07-09T16:23:40.294Z] CLI Version:   8.4.0
[debug] [2020-07-09T16:23:40.294Z] Platform:      win32
[debug] [2020-07-09T16:23:40.294Z] Node Version:  v12.16.3
[debug] [2020-07-09T16:23:40.295Z] Time:          Thu Jul 09 2020 21:53:40 GMT+0530 (India Standard Time)
[debug] [2020-07-09T16:23:40.296Z] ----------------------------------------------------------------------
[debug] [2020-07-09T16:23:40.296Z] 
[debug] [2020-07-09T16:23:40.346Z] > command requires scopes: ["email","openid","https://www.googleapis.com/auth/cloudplatformprojects.readonly","https://www.googleapis.com/auth/firebase","https://www.googleapis.com/auth/cloud-platform"]
[debug] [2020-07-09T16:23:40.348Z] > authorizing via signed-in user
[debug] [2020-07-09T16:23:40.348Z] [iam] checking project trackolo for permissions ["firebase.projects.get","firebasehosting.sites.update"]
[debug] [2020-07-09T16:23:40.356Z] > refreshing access token with scopes: ["email","https://www.googleapis.com/auth/cloud-platform","https://www.googleapis.com/auth/cloudplatformprojects.readonly","https://www.googleapis.com/auth/firebase","openid"]
[debug] [2020-07-09T16:23:40.357Z] >>> HTTP REQUEST POST https://www.googleapis.com/oauth2/v3/token  
 <request body omitted>
[debug] [2020-07-09T16:23:40.911Z] <<< HTTP RESPONSE 200 {"content-type":"application/json; charset=utf-8","vary":"X-Origin, Referer, Origin,Accept-Encoding","date":"Thu, 09 Jul 2020 16:23:40 GMT","server":"scaffolding on HTTPServer2","cache-control":"private","x-xss-protection":"0","x-frame-options":"SAMEORIGIN","x-content-type-options":"nosniff","alt-svc":"h3-29=\":443\"; ma=2592000,h3-27=\":443\"; ma=2592000,h3-25=\":443\"; ma=2592000,h3-T050=\":443\"; ma=2592000,h3-Q050=\":443\"; ma=2592000,h3-Q046=\":443\"; ma=2592000,h3-Q043=\":443\"; ma=2592000,quic=\":443\"; ma=2592000; v=\"46,43\"","accept-ranges":"none","transfer-encoding":"chunked"}
[debug] [2020-07-09T16:23:40.956Z] >>> HTTP REQUEST POST https://cloudresourcemanager.googleapis.com/v1/projects/trackolo:testIamPermissions  
 {"permissions":["firebase.projects.get","firebasehosting.sites.update"]}
[debug] [2020-07-09T16:23:42.893Z] <<< HTTP RESPONSE 200 {"content-type":"application/json; charset=UTF-8","vary":"X-Origin, Referer, Origin,Accept-Encoding","date":"Thu, 09 Jul 2020 16:23:42 GMT","server":"ESF","cache-control":"private","x-xss-protection":"0","x-frame-options":"SAMEORIGIN","x-content-type-options":"nosniff","server-timing":"gfet4t7; dur=1379","alt-svc":"h3-29=\":443\"; ma=2592000,h3-27=\":443\"; ma=2592000,h3-25=\":443\"; ma=2592000,h3-T050=\":443\"; ma=2592000,h3-Q050=\":443\"; ma=2592000,h3-Q046=\":443\"; ma=2592000,h3-Q043=\":443\"; ma=2592000,quic=\":443\"; ma=2592000; v=\"46,43\"","accept-ranges":"none","transfer-encoding":"chunked"}
[debug] [2020-07-09T16:23:42.898Z] >>> HTTP REQUEST GET https://firebase.googleapis.com/v1beta1/projects/trackolo  
 
[debug] [2020-07-09T16:23:43.866Z] <<< HTTP RESPONSE 200 {"content-type":"application/json; charset=UTF-8","vary":"X-Origin, Referer, Origin,Accept-Encoding","date":"Thu, 09 Jul 2020 16:23:43 GMT","server":"ESF","cache-control":"private","x-xss-protection":"0","x-frame-options":"SAMEORIGIN","x-content-type-options":"nosniff","alt-svc":"h3-29=\":443\"; ma=2592000,h3-27=\":443\"; ma=2592000,h3-25=\":443\"; ma=2592000,h3-T050=\":443\"; ma=2592000,h3-Q050=\":443\"; ma=2592000,h3-Q046=\":443\"; ma=2592000,h3-Q043=\":443\"; ma=2592000,quic=\":443\"; ma=2592000; v=\"46,43\"","accept-ranges":"none","transfer-encoding":"chunked"}
[info] 
[info] === Deploying to 'trackolo'...
[info] 
[info] i  deploying hosting 
[debug] [2020-07-09T16:23:43.925Z] >>> HTTP REQUEST POST https://firebasehosting.googleapis.com/v1beta1/sites/trackolo/versions  
 {"config":{"rewrites":[{"glob":"**","path":"/index.html"}]},"labels":{"deployment-tool":"cli-firebase"}}
